<object-stream>
<org.drools.core.audit.WorkingMemoryLog>
  <version>6.1</version>
  <events>
    <org.drools.core.audit.event.ObjectLogEvent>
      <type>1</type>
      <factId>1</factId>
      <objectToString>QueryParam(param1=10, param2=5, paramSign=+, result=null)</objectToString>
    </org.drools.core.audit.event.ObjectLogEvent>
    <org.drools.core.audit.event.ObjectLogEvent>
      <type>1</type>
      <factId>2</factId>
      <objectToString>0</objectToString>
    </org.drools.core.audit.event.ObjectLogEvent>
    <org.drools.core.audit.event.ObjectLogEvent>
      <type>1</type>
      <factId>3</factId>
      <objectToString>com.winnie.drools.ruledemo.service.RuleDemoServiceImpl@4cb773c5</objectToString>
    </org.drools.core.audit.event.ObjectLogEvent>
  </events>
</org.drools.core.audit.WorkingMemoryLog>
<org.drools.core.audit.WorkingMemoryLog>
  <version>6.1</version>
  <events/>
</org.drools.core.audit.WorkingMemoryLog>
<org.drools.core.audit.WorkingMemoryLog>
  <version>6.1</version>
  <events>
    <org.drools.core.audit.event.ActivationLogEvent>
      <type>4</type>
      <activationId>rule11 [1, 3, 2]</activationId>
      <rule>rule11</rule>
      <declarations>ruleDemoService=com.winnie.drools.ruledemo.service.RuleDemoServiceImpl@4cb773c5; resultParam=0; queryParam=QueryParam(param1=10, param2=5, paramSign=+, result=null)</declarations>
      <factHandleIds>3,1,2</factHandleIds>
    </org.drools.core.audit.event.ActivationLogEvent>
    <org.drools.core.audit.event.ActivationLogEvent>
      <type>6</type>
      <activationId>rule11 [1, 3, 2]</activationId>
      <rule>rule11</rule>
      <declarations>ruleDemoService=com.winnie.drools.ruledemo.service.RuleDemoServiceImpl@4cb773c5; resultParam=0; queryParam=QueryParam(param1=10, param2=5, paramSign=+, result=null)</declarations>
      <factHandleIds>3,1,2</factHandleIds>
    </org.drools.core.audit.event.ActivationLogEvent>
    <org.drools.core.audit.event.ActivationLogEvent>
      <type>7</type>
      <activationId>rule11 [1, 3, 2]</activationId>
      <rule>rule11</rule>
      <declarations>ruleDemoService=com.winnie.drools.ruledemo.service.RuleDemoServiceImpl@4cb773c5; resultParam=0; queryParam=QueryParam(param1=10, param2=5, paramSign=+, result=15)</declarations>
      <factHandleIds>3,1,2</factHandleIds>
    </org.drools.core.audit.event.ActivationLogEvent>
  </events>
</org.drools.core.audit.WorkingMemoryLog>
<org.drools.core.audit.WorkingMemoryLog>
  <version>6.1</version>
  <events/>
</org.drools.core.audit.WorkingMemoryLog>
